Last run: Wed Aug 20 16:20:35 UTC 2025
Last run: Thu Aug 21 01:15:28 UTC 2025
Last run: Thu Aug 21 08:30:07 UTC 2025
Last run: Thu Aug 21 16:19:37 UTC 2025
Last run: Fri Aug 22 01:16:03 UTC 2025
Last run: Fri Aug 22 08:30:03 UTC 2025
Last run: Fri Aug 22 16:19:31 UTC 2025
Last run: Sat Aug 23 01:13:35 UTC 2025
Last run: Sat Aug 23 08:26:44 UTC 2025
Last run: Sat Aug 23 16:17:23 UTC 2025
Last run: Sun Aug 24 01:24:07 UTC 2025
Last run: Sun Aug 24 08:26:26 UTC 2025
Last run: Sun Aug 24 16:18:13 UTC 2025
Last run: Mon Aug 25 01:19:18 UTC 2025
Last run: Mon Aug 25 08:32:42 UTC 2025
Last run: Mon Aug 25 16:20:26 UTC 2025
Last run: Tue Aug 26 01:17:03 UTC 2025
Last run: Tue Aug 26 08:31:51 UTC 2025
Last run: Tue Aug 26 16:19:47 UTC 2025
Last run: Wed Aug 27 01:14:47 UTC 2025
Last run: Wed Aug 27 08:29:29 UTC 2025
Last run: Wed Aug 27 16:20:01 UTC 2025
Last run: Thu Aug 28 01:14:07 UTC 2025
Last run: Thu Aug 28 08:29:37 UTC 2025
Last run: Thu Aug 28 16:20:05 UTC 2025
Last run: Fri Aug 29 01:14:08 UTC 2025
Last run: Fri Aug 29 08:29:12 UTC 2025
Last run: Fri Aug 29 16:19:26 UTC 2025
Last run: Sat Aug 30 01:10:32 UTC 2025
Last run: Sat Aug 30 08:25:55 UTC 2025
Last run: Sat Aug 30 16:17:15 UTC 2025
Last run: Sun Aug 31 01:18:50 UTC 2025
Last run: Sun Aug 31 08:25:37 UTC 2025
Last run: Sun Aug 31 16:17:26 UTC 2025
Last run: Mon Sep  1 01:25:31 UTC 2025
Last run: Mon Sep  1 08:32:10 UTC 2025
Last run: Mon Sep  1 16:18:59 UTC 2025
Last run: Tue Sep  2 01:15:19 UTC 2025
Last run: Tue Sep  2 08:30:04 UTC 2025
Last run: Tue Sep  2 16:19:53 UTC 2025
Last run: Wed Sep  3 01:11:01 UTC 2025
Last run: Wed Sep  3 08:28:23 UTC 2025
Last run: Wed Sep  3 16:19:24 UTC 2025
